Determining if the system is big endian passed with the following output:
Change Dir: /Users/Melancardie/Dropbox/Documents/code/Java/OwlExpress/lib/opencv-3.0.0-beta/build/CMakeFiles/CMakeTmp

Run Build Command:"/opt/local/bin/gmake" "cmTryCompileExec2062243702/fast"
/opt/local/bin/gmake -f CMakeFiles/cmTryCompileExec2062243702.dir/build.make CMakeFiles/cmTryCompileExec2062243702.dir/build
gmake[1]: Entering directory '/Users/Melancardie/Dropbox/Documents/code/Java/OwlExpress/lib/opencv-3.0.0-beta/build/CMakeFiles/CMakeTmp'
/opt/local/bin/cmake -E cmake_progress_report /Users/Melancardie/Dropbox/Documents/code/Java/OwlExpress/lib/opencv-3.0.0-beta/build/CMakeFiles/CMakeTmp/CMakeFiles 1
Building C object CMakeFiles/cmTryCompileExec2062243702.dir/TestEndianess.c.o
/usr/bin/cc   -fPIC   -fsigned-char -W -Werror=return-type -Werror=non-virtual-dtor -Werror=address -Werror=sequence-point -Wformat -Werror=format-security -Wmissing-declarations -Wmissing-prototypes -Wstrict-prototypes -Wundef -Winit-self -Wpointer-arith -Wshadow -Wsign-promo -Wno-narrowing -Wno-delete-non-virtual-dtor -Wno-unnamed-type-template-args -fdiagnostics-show-option -Wno-long-long -Wno-semicolon-before-method-body -fno-omit-frame-pointer -msse -msse2 -msse3 -fvisibility=hidden -fvisibility-inlines-hidden  -O3 -DNDEBUG   -o CMakeFiles/cmTryCompileExec2062243702.dir/TestEndianess.c.o   -c /Users/Melancardie/Dropbox/Documents/code/Java/OwlExpress/lib/opencv-3.0.0-beta/build/CMakeFiles/CMakeTmp/TestEndianess.c
Linking C executable cmTryCompileExec2062243702
/opt/local/bin/cmake -E cmake_link_script CMakeFiles/cmTryCompileExec2062243702.dir/link.txt --verbose=1
/usr/bin/cc   -fPIC   -fsigned-char -W -Werror=return-type -Werror=non-virtual-dtor -Werror=address -Werror=sequence-point -Wformat -Werror=format-security -Wmissing-declarations -Wmissing-prototypes -Wstrict-prototypes -Wundef -Winit-self -Wpointer-arith -Wshadow -Wsign-promo -Wno-narrowing -Wno-delete-non-virtual-dtor -Wno-unnamed-type-template-args -fdiagnostics-show-option -Wno-long-long -Wno-semicolon-before-method-body -fno-omit-frame-pointer -msse -msse2 -msse3 -fvisibility=hidden -fvisibility-inlines-hidden  -O3 -DNDEBUG -Wl,-search_paths_first -Wl,-headerpad_max_install_names   CMakeFiles/cmTryCompileExec2062243702.dir/TestEndianess.c.o  -o cmTryCompileExec2062243702  
gmake[1]: Leaving directory '/Users/Melancardie/Dropbox/Documents/code/Java/OwlExpress/lib/opencv-3.0.0-beta/build/CMakeFiles/CMakeTmp'

TestEndianess.c:
/* A 16 bit integer is required. */
typedef unsigned short cmakeint16;

/* On a little endian machine, these 16bit ints will give "THIS IS LITTLE ENDIAN."
   On a big endian machine the characters will be exchanged pairwise. */
const cmakeint16 info_little[] =  {0x4854, 0x5349, 0x4920, 0x2053, 0x494c, 0x5454, 0x454c, 0x4520, 0x444e, 0x4149, 0x2e4e, 0x0000};

/* on a big endian machine, these 16bit ints will give "THIS IS BIG ENDIAN."
   On a little endian machine the characters will be exchanged pairwise. */
const cmakeint16 info_big[] =     {0x5448, 0x4953, 0x2049, 0x5320, 0x4249, 0x4720, 0x454e, 0x4449, 0x414e, 0x2e2e, 0x0000};

#ifdef __CLASSIC_C__
int main(argc, argv) int argc; char *argv[];
#else
int main(int argc, char *argv[])
#endif
{
  int require = 0;
  require += info_little[argc];
  require += info_big[argc];
  (void)argv;
  return require;
}


Determining size of off64_t failed with the following output:
Change Dir: /Users/Melancardie/Dropbox/Documents/code/Java/OwlExpress/lib/opencv-3.0.0-beta/build/CMakeFiles/CMakeTmp

Run Build Command:"/opt/local/bin/gmake" "cmTryCompileExec871332140/fast"
/opt/local/bin/gmake -f CMakeFiles/cmTryCompileExec871332140.dir/build.make CMakeFiles/cmTryCompileExec871332140.dir/build
gmake[1]: Entering directory '/Users/Melancardie/Dropbox/Documents/code/Java/OwlExpress/lib/opencv-3.0.0-beta/build/CMakeFiles/CMakeTmp'
/opt/local/bin/cmake -E cmake_progress_report /Users/Melancardie/Dropbox/Documents/code/Java/OwlExpress/lib/opencv-3.0.0-beta/build/CMakeFiles/CMakeTmp/CMakeFiles 1
Building C object CMakeFiles/cmTryCompileExec871332140.dir/OFF64_T.c.o
/usr/bin/cc   -fPIC   -fsigned-char -W -Werror=return-type -Werror=non-virtual-dtor -Werror=address -Werror=sequence-point -Wformat -Werror=format-security -Wmissing-declarations -Wmissing-prototypes -Wstrict-prototypes -Wundef -Winit-self -Wpointer-arith -Wshadow -Wsign-promo -Wno-narrowing -Wno-delete-non-virtual-dtor -Wno-unnamed-type-template-args -fdiagnostics-show-option -Wno-long-long -Wno-semicolon-before-method-body -fno-omit-frame-pointer -msse -msse2 -msse3 -fvisibility=hidden -fvisibility-inlines-hidden  -O3 -DNDEBUG   -o CMakeFiles/cmTryCompileExec871332140.dir/OFF64_T.c.o   -c /Users/Melancardie/Dropbox/Documents/code/Java/OwlExpress/lib/opencv-3.0.0-beta/build/CMakeFiles/CheckTypeSize/OFF64_T.c
/Users/Melancardie/Dropbox/Documents/code/Java/OwlExpress/lib/opencv-3.0.0-beta/build/CMakeFiles/CheckTypeSize/OFF64_T.c:19:12: error: use of undeclared identifier 'off64_t'; did you mean 'off_t'?
  ('0' + ((SIZE / 10000)%10)),
           ^
/Users/Melancardie/Dropbox/Documents/code/Java/OwlExpress/lib/opencv-3.0.0-beta/build/CMakeFiles/CheckTypeSize/OFF64_T.c:17:22: note: expanded from macro 'SIZE'
#define SIZE (sizeof(off64_t))
                     ^
/usr/include/sys/_types/_off_t.h:30:25: note: 'off_t' declared here
typedef __darwin_off_t          off_t;
                                ^
/Users/Melancardie/Dropbox/Documents/code/Java/OwlExpress/lib/opencv-3.0.0-beta/build/CMakeFiles/CheckTypeSize/OFF64_T.c:20:12: error: use of undeclared identifier 'off64_t'; did you mean 'off_t'?
  ('0' + ((SIZE / 1000)%10)),
           ^
/Users/Melancardie/Dropbox/Documents/code/Java/OwlExpress/lib/opencv-3.0.0-beta/build/CMakeFiles/CheckTypeSize/OFF64_T.c:17:22: note: expanded from macro 'SIZE'
#define SIZE (sizeof(off64_t))
                     ^
/usr/include/sys/_types/_off_t.h:30:25: note: 'off_t' declared here
typedef __darwin_off_t          off_t;
                                ^
/Users/Melancardie/Dropbox/Documents/code/Java/OwlExpress/lib/opencv-3.0.0-beta/build/CMakeFiles/CheckTypeSize/OFF64_T.c:21:12: error: use of undeclared identifier 'off64_t'; did you mean 'off_t'?
  ('0' + ((SIZE / 100)%10)),
           ^
/Users/Melancardie/Dropbox/Documents/code/Java/OwlExpress/lib/opencv-3.0.0-beta/build/CMakeFiles/CheckTypeSize/OFF64_T.c:17:22: note: expanded from macro 'SIZE'
#define SIZE (sizeof(off64_t))
                     ^
/usr/include/sys/_types/_off_t.h:30:25: note: 'off_t' declared here
typedef __darwin_off_t          off_t;
                                ^
/Users/Melancardie/Dropbox/Documents/code/Java/OwlExpress/lib/opencv-3.0.0-beta/build/CMakeFiles/CheckTypeSize/OFF64_T.c:22:12: error: use of undeclared identifier 'off64_t'; did you mean 'off_t'?
  ('0' + ((SIZE / 10)%10)),
           ^
/Users/Melancardie/Dropbox/Documents/code/Java/OwlExpress/lib/opencv-3.0.0-beta/build/CMakeFiles/CheckTypeSize/OFF64_T.c:17:22: note: expanded from macro 'SIZE'
#define SIZE (sizeof(off64_t))
                     ^
/usr/include/sys/_types/_off_t.h:30:25: note: 'off_t' declared here
typedef __darwin_off_t          off_t;
                                ^
/Users/Melancardie/Dropbox/Documents/code/Java/OwlExpress/lib/opencv-3.0.0-beta/build/CMakeFiles/CheckTypeSize/OFF64_T.c:23:12: error: use of undeclared identifier 'off64_t'; did you mean 'off_t'?
  ('0' +  (SIZE    % 10)),
           ^
/Users/Melancardie/Dropbox/Documents/code/Java/OwlExpress/lib/opencv-3.0.0-beta/build/CMakeFiles/CheckTypeSize/OFF64_T.c:17:22: note: expanded from macro 'SIZE'
#define SIZE (sizeof(off64_t))
                     ^
/usr/include/sys/_types/_off_t.h:30:25: note: 'off_t' declared here
typedef __darwin_off_t          off_t;
                                ^
5 errors generated.
CMakeFiles/cmTryCompileExec871332140.dir/build.make:57: recipe for target 'CMakeFiles/cmTryCompileExec871332140.dir/OFF64_T.c.o' failed
gmake[1]: *** [CMakeFiles/cmTryCompileExec871332140.dir/OFF64_T.c.o] Error 1
gmake[1]: Leaving directory '/Users/Melancardie/Dropbox/Documents/code/Java/OwlExpress/lib/opencv-3.0.0-beta/build/CMakeFiles/CMakeTmp'
Makefile:118: recipe for target 'cmTryCompileExec871332140/fast' failed
gmake: *** [cmTryCompileExec871332140/fast] Error 2

/Users/Melancardie/Dropbox/Documents/code/Java/OwlExpress/lib/opencv-3.0.0-beta/build/CMakeFiles/CheckTypeSize/OFF64_T.c:
#include <sys/types.h>
#include <stdint.h>
#include <stddef.h>


#undef KEY
#if defined(__i386)
# define KEY '_','_','i','3','8','6'
#elif defined(__x86_64)
# define KEY '_','_','x','8','6','_','6','4'
#elif defined(__ppc__)
# define KEY '_','_','p','p','c','_','_'
#elif defined(__ppc64__)
# define KEY '_','_','p','p','c','6','4','_','_'
#endif

#define SIZE (sizeof(off64_t))
char info_size[] =  {'I', 'N', 'F', 'O', ':', 's','i','z','e','[',
  ('0' + ((SIZE / 10000)%10)),
  ('0' + ((SIZE / 1000)%10)),
  ('0' + ((SIZE / 100)%10)),
  ('0' + ((SIZE / 10)%10)),
  ('0' +  (SIZE    % 10)),
  ']',
#ifdef KEY
  ' ','k','e','y','[', KEY, ']',
#endif
  '\0'};

#ifdef __CLASSIC_C__
int main(argc, argv) int argc; char *argv[];
#else
int main(int argc, char *argv[])
#endif
{
  int require = 0;
  require += info_size[argc];
  (void)argv;
  return require;
}


Determining if the include file io.h exists failed with the following output:
Change Dir: /Users/Melancardie/Dropbox/Documents/code/Java/OwlExpress/lib/opencv-3.0.0-beta/build/CMakeFiles/CMakeTmp

Run Build Command:"/opt/local/bin/gmake" "cmTryCompileExec2520890323/fast"
/opt/local/bin/gmake -f CMakeFiles/cmTryCompileExec2520890323.dir/build.make CMakeFiles/cmTryCompileExec2520890323.dir/build
gmake[1]: Entering directory '/Users/Melancardie/Dropbox/Documents/code/Java/OwlExpress/lib/opencv-3.0.0-beta/build/CMakeFiles/CMakeTmp'
/opt/local/bin/cmake -E cmake_progress_report /Users/Melancardie/Dropbox/Documents/code/Java/OwlExpress/lib/opencv-3.0.0-beta/build/CMakeFiles/CMakeTmp/CMakeFiles 1
Building C object CMakeFiles/cmTryCompileExec2520890323.dir/CheckIncludeFile.c.o
/usr/bin/cc   -fPIC   -fsigned-char -W -Werror=return-type -Werror=non-virtual-dtor -Werror=address -Werror=sequence-point -Wformat -Werror=format-security -Wmissing-declarations -Wmissing-prototypes -Wstrict-prototypes -Wundef -Winit-self -Wpointer-arith -Wshadow -Wsign-promo -Wno-narrowing -Wno-delete-non-virtual-dtor -Wno-unnamed-type-template-args -fdiagnostics-show-option -Wno-long-long -Wno-semicolon-before-method-body -fno-omit-frame-pointer -msse -msse2 -msse3 -fvisibility=hidden -fvisibility-inlines-hidden  -O3 -DNDEBUG   -o CMakeFiles/cmTryCompileExec2520890323.dir/CheckIncludeFile.c.o   -c /Users/Melancardie/Dropbox/Documents/code/Java/OwlExpress/lib/opencv-3.0.0-beta/build/CMakeFiles/CMakeTmp/CheckIncludeFile.c
/Users/Melancardie/Dropbox/Documents/code/Java/OwlExpress/lib/opencv-3.0.0-beta/build/CMakeFiles/CMakeTmp/CheckIncludeFile.c:1:10: fatal error: 'io.h' file not found
#include <io.h>
         ^
1 error generated.
CMakeFiles/cmTryCompileExec2520890323.dir/build.make:57: recipe for target 'CMakeFiles/cmTryCompileExec2520890323.dir/CheckIncludeFile.c.o' failed
gmake[1]: *** [CMakeFiles/cmTryCompileExec2520890323.dir/CheckIncludeFile.c.o] Error 1
gmake[1]: Leaving directory '/Users/Melancardie/Dropbox/Documents/code/Java/OwlExpress/lib/opencv-3.0.0-beta/build/CMakeFiles/CMakeTmp'
Makefile:118: recipe for target 'cmTryCompileExec2520890323/fast' failed
gmake: *** [cmTryCompileExec2520890323/fast] Error 2


Determining if the function jbg_newlen exists failed with the following output:
Change Dir: /Users/Melancardie/Dropbox/Documents/code/Java/OwlExpress/lib/opencv-3.0.0-beta/build/CMakeFiles/CMakeTmp

Run Build Command:"/opt/local/bin/gmake" "cmTryCompileExec2155476829/fast"
/opt/local/bin/gmake -f CMakeFiles/cmTryCompileExec2155476829.dir/build.make CMakeFiles/cmTryCompileExec2155476829.dir/build
gmake[1]: Entering directory '/Users/Melancardie/Dropbox/Documents/code/Java/OwlExpress/lib/opencv-3.0.0-beta/build/CMakeFiles/CMakeTmp'
/opt/local/bin/cmake -E cmake_progress_report /Users/Melancardie/Dropbox/Documents/code/Java/OwlExpress/lib/opencv-3.0.0-beta/build/CMakeFiles/CMakeTmp/CMakeFiles 1
Building C object CMakeFiles/cmTryCompileExec2155476829.dir/CheckFunctionExists.c.o
/usr/bin/cc   -fPIC   -fsigned-char -W -Werror=return-type -Werror=non-virtual-dtor -Werror=address -Werror=sequence-point -Wformat -Werror=format-security -Wmissing-declarations -Wmissing-prototypes -Wstrict-prototypes -Wundef -Winit-self -Wpointer-arith -Wshadow -Wsign-promo -Wno-narrowing -Wno-delete-non-virtual-dtor -Wno-unnamed-type-template-args -fdiagnostics-show-option -Wno-long-long -Wno-semicolon-before-method-body -fno-omit-frame-pointer -msse -msse2 -msse3 -fvisibility=hidden -fvisibility-inlines-hidden -DCHECK_FUNCTION_EXISTS=jbg_newlen -O3 -DNDEBUG   -o CMakeFiles/cmTryCompileExec2155476829.dir/CheckFunctionExists.c.o   -c /opt/local/share/cmake-3.0/Modules/CheckFunctionExists.c
Linking C executable cmTryCompileExec2155476829
/opt/local/bin/cmake -E cmake_link_script CMakeFiles/cmTryCompileExec2155476829.dir/link.txt --verbose=1
/usr/bin/cc   -fPIC   -fsigned-char -W -Werror=return-type -Werror=non-virtual-dtor -Werror=address -Werror=sequence-point -Wformat -Werror=format-security -Wmissing-declarations -Wmissing-prototypes -Wstrict-prototypes -Wundef -Winit-self -Wpointer-arith -Wshadow -Wsign-promo -Wno-narrowing -Wno-delete-non-virtual-dtor -Wno-unnamed-type-template-args -fdiagnostics-show-option -Wno-long-long -Wno-semicolon-before-method-body -fno-omit-frame-pointer -msse -msse2 -msse3 -fvisibility=hidden -fvisibility-inlines-hidden -DCHECK_FUNCTION_EXISTS=jbg_newlen -O3 -DNDEBUG -Wl,-search_paths_first -Wl,-headerpad_max_install_names   CMakeFiles/cmTryCompileExec2155476829.dir/CheckFunctionExists.c.o  -o cmTryCompileExec2155476829  
Undefined symbols for architecture x86_64:
  "_jbg_newlen", referenced from:
      _main in CheckFunctionExists.c.o
ld: symbol(s) not found for architecture x86_64
clang: error: linker command failed with exit code 1 (use -v to see invocation)
CMakeFiles/cmTryCompileExec2155476829.dir/build.make:88: recipe for target 'cmTryCompileExec2155476829' failed
gmake[1]: *** [cmTryCompileExec2155476829] Error 1
gmake[1]: Leaving directory '/Users/Melancardie/Dropbox/Documents/code/Java/OwlExpress/lib/opencv-3.0.0-beta/build/CMakeFiles/CMakeTmp'
Makefile:118: recipe for target 'cmTryCompileExec2155476829/fast' failed
gmake: *** [cmTryCompileExec2155476829/fast] Error 2


Determining if the include file linux/videodev.h exists failed with the following output:
Change Dir: /Users/Melancardie/Dropbox/Documents/code/Java/OwlExpress/lib/opencv-3.0.0-beta/build/CMakeFiles/CMakeTmp

Run Build Command:"/opt/local/bin/gmake" "cmTryCompileExec3406741382/fast"
/opt/local/bin/gmake -f CMakeFiles/cmTryCompileExec3406741382.dir/build.make CMakeFiles/cmTryCompileExec3406741382.dir/build
gmake[1]: Entering directory '/Users/Melancardie/Dropbox/Documents/code/Java/OwlExpress/lib/opencv-3.0.0-beta/build/CMakeFiles/CMakeTmp'
/opt/local/bin/cmake -E cmake_progress_report /Users/Melancardie/Dropbox/Documents/code/Java/OwlExpress/lib/opencv-3.0.0-beta/build/CMakeFiles/CMakeTmp/CMakeFiles 1
Building C object CMakeFiles/cmTryCompileExec3406741382.dir/CheckIncludeFile.c.o
/usr/bin/cc   -fPIC   -fsigned-char -W -Werror=return-type -Werror=non-virtual-dtor -Werror=address -Werror=sequence-point -Wformat -Werror=format-security -Wmissing-declarations -Wmissing-prototypes -Wstrict-prototypes -Wundef -Winit-self -Wpointer-arith -Wshadow -Wsign-promo -Wno-narrowing -Wno-delete-non-virtual-dtor -Wno-unnamed-type-template-args -fdiagnostics-show-option -Wno-long-long -Wno-semicolon-before-method-body -fno-omit-frame-pointer -msse -msse2 -msse3 -fvisibility=hidden -fvisibility-inlines-hidden  -O3 -DNDEBUG   -o CMakeFiles/cmTryCompileExec3406741382.dir/CheckIncludeFile.c.o   -c /Users/Melancardie/Dropbox/Documents/code/Java/OwlExpress/lib/opencv-3.0.0-beta/build/CMakeFiles/CMakeTmp/CheckIncludeFile.c
/Users/Melancardie/Dropbox/Documents/code/Java/OwlExpress/lib/opencv-3.0.0-beta/build/CMakeFiles/CMakeTmp/CheckIncludeFile.c:1:10: fatal error: 'linux/videodev.h' file not found
#include <linux/videodev.h>
         ^
1 error generated.
CMakeFiles/cmTryCompileExec3406741382.dir/build.make:57: recipe for target 'CMakeFiles/cmTryCompileExec3406741382.dir/CheckIncludeFile.c.o' failed
gmake[1]: *** [CMakeFiles/cmTryCompileExec3406741382.dir/CheckIncludeFile.c.o] Error 1
gmake[1]: Leaving directory '/Users/Melancardie/Dropbox/Documents/code/Java/OwlExpress/lib/opencv-3.0.0-beta/build/CMakeFiles/CMakeTmp'
Makefile:118: recipe for target 'cmTryCompileExec3406741382/fast' failed
gmake: *** [cmTryCompileExec3406741382/fast] Error 2


Determining if the include file linux/videodev2.h exists failed with the following output:
Change Dir: /Users/Melancardie/Dropbox/Documents/code/Java/OwlExpress/lib/opencv-3.0.0-beta/build/CMakeFiles/CMakeTmp

Run Build Command:"/opt/local/bin/gmake" "cmTryCompileExec1854265167/fast"
/opt/local/bin/gmake -f CMakeFiles/cmTryCompileExec1854265167.dir/build.make CMakeFiles/cmTryCompileExec1854265167.dir/build
gmake[1]: Entering directory '/Users/Melancardie/Dropbox/Documents/code/Java/OwlExpress/lib/opencv-3.0.0-beta/build/CMakeFiles/CMakeTmp'
/opt/local/bin/cmake -E cmake_progress_report /Users/Melancardie/Dropbox/Documents/code/Java/OwlExpress/lib/opencv-3.0.0-beta/build/CMakeFiles/CMakeTmp/CMakeFiles 1
Building C object CMakeFiles/cmTryCompileExec1854265167.dir/CheckIncludeFile.c.o
/usr/bin/cc   -fPIC   -fsigned-char -W -Werror=return-type -Werror=non-virtual-dtor -Werror=address -Werror=sequence-point -Wformat -Werror=format-security -Wmissing-declarations -Wmissing-prototypes -Wstrict-prototypes -Wundef -Winit-self -Wpointer-arith -Wshadow -Wsign-promo -Wno-narrowing -Wno-delete-non-virtual-dtor -Wno-unnamed-type-template-args -fdiagnostics-show-option -Wno-long-long -Wno-semicolon-before-method-body -fno-omit-frame-pointer -msse -msse2 -msse3 -fvisibility=hidden -fvisibility-inlines-hidden  -O3 -DNDEBUG   -o CMakeFiles/cmTryCompileExec1854265167.dir/CheckIncludeFile.c.o   -c /Users/Melancardie/Dropbox/Documents/code/Java/OwlExpress/lib/opencv-3.0.0-beta/build/CMakeFiles/CMakeTmp/CheckIncludeFile.c
/Users/Melancardie/Dropbox/Documents/code/Java/OwlExpress/lib/opencv-3.0.0-beta/build/CMakeFiles/CMakeTmp/CheckIncludeFile.c:1:10: fatal error: 'linux/videodev2.h' file not found
#include <linux/videodev2.h>
         ^
1 error generated.
CMakeFiles/cmTryCompileExec1854265167.dir/build.make:57: recipe for target 'CMakeFiles/cmTryCompileExec1854265167.dir/CheckIncludeFile.c.o' failed
gmake[1]: *** [CMakeFiles/cmTryCompileExec1854265167.dir/CheckIncludeFile.c.o] Error 1
gmake[1]: Leaving directory '/Users/Melancardie/Dropbox/Documents/code/Java/OwlExpress/lib/opencv-3.0.0-beta/build/CMakeFiles/CMakeTmp'
Makefile:118: recipe for target 'cmTryCompileExec1854265167/fast' failed
gmake: *** [cmTryCompileExec1854265167/fast] Error 2


Determining if the include file sys/videoio.h exists failed with the following output:
Change Dir: /Users/Melancardie/Dropbox/Documents/code/Java/OwlExpress/lib/opencv-3.0.0-beta/build/CMakeFiles/CMakeTmp

Run Build Command:"/opt/local/bin/gmake" "cmTryCompileExec1365208312/fast"
/opt/local/bin/gmake -f CMakeFiles/cmTryCompileExec1365208312.dir/build.make CMakeFiles/cmTryCompileExec1365208312.dir/build
gmake[1]: Entering directory '/Users/Melancardie/Dropbox/Documents/code/Java/OwlExpress/lib/opencv-3.0.0-beta/build/CMakeFiles/CMakeTmp'
/opt/local/bin/cmake -E cmake_progress_report /Users/Melancardie/Dropbox/Documents/code/Java/OwlExpress/lib/opencv-3.0.0-beta/build/CMakeFiles/CMakeTmp/CMakeFiles 1
Building C object CMakeFiles/cmTryCompileExec1365208312.dir/CheckIncludeFile.c.o
/usr/bin/cc   -fPIC   -fsigned-char -W -Werror=return-type -Werror=non-virtual-dtor -Werror=address -Werror=sequence-point -Wformat -Werror=format-security -Wmissing-declarations -Wmissing-prototypes -Wstrict-prototypes -Wundef -Winit-self -Wpointer-arith -Wshadow -Wsign-promo -Wno-narrowing -Wno-delete-non-virtual-dtor -Wno-unnamed-type-template-args -fdiagnostics-show-option -Wno-long-long -Wno-semicolon-before-method-body -fno-omit-frame-pointer -msse -msse2 -msse3 -fvisibility=hidden -fvisibility-inlines-hidden  -O3 -DNDEBUG   -o CMakeFiles/cmTryCompileExec1365208312.dir/CheckIncludeFile.c.o   -c /Users/Melancardie/Dropbox/Documents/code/Java/OwlExpress/lib/opencv-3.0.0-beta/build/CMakeFiles/CMakeTmp/CheckIncludeFile.c
/Users/Melancardie/Dropbox/Documents/code/Java/OwlExpress/lib/opencv-3.0.0-beta/build/CMakeFiles/CMakeTmp/CheckIncludeFile.c:1:10: fatal error: 'sys/videoio.h' file not found
#include <sys/videoio.h>
         ^
1 error generated.
CMakeFiles/cmTryCompileExec1365208312.dir/build.make:57: recipe for target 'CMakeFiles/cmTryCompileExec1365208312.dir/CheckIncludeFile.c.o' failed
gmake[1]: *** [CMakeFiles/cmTryCompileExec1365208312.dir/CheckIncludeFile.c.o] Error 1
gmake[1]: Leaving directory '/Users/Melancardie/Dropbox/Documents/code/Java/OwlExpress/lib/opencv-3.0.0-beta/build/CMakeFiles/CMakeTmp'
Makefile:118: recipe for target 'cmTryCompileExec1365208312/fast' failed
gmake: *** [cmTryCompileExec1365208312/fast] Error 2


Determining if the include file libavformat/avformat.h exists failed with the following output:
Change Dir: /Users/Melancardie/Dropbox/Documents/code/Java/OwlExpress/lib/opencv-3.0.0-beta/build/CMakeFiles/CMakeTmp

Run Build Command:"/opt/local/bin/gmake" "cmTryCompileExec1021889995/fast"
/opt/local/bin/gmake -f CMakeFiles/cmTryCompileExec1021889995.dir/build.make CMakeFiles/cmTryCompileExec1021889995.dir/build
gmake[1]: Entering directory '/Users/Melancardie/Dropbox/Documents/code/Java/OwlExpress/lib/opencv-3.0.0-beta/build/CMakeFiles/CMakeTmp'
/opt/local/bin/cmake -E cmake_progress_report /Users/Melancardie/Dropbox/Documents/code/Java/OwlExpress/lib/opencv-3.0.0-beta/build/CMakeFiles/CMakeTmp/CMakeFiles 1
Building C object CMakeFiles/cmTryCompileExec1021889995.dir/CheckIncludeFile.c.o
/usr/bin/cc   -fPIC   -fsigned-char -W -Werror=return-type -Werror=non-virtual-dtor -Werror=address -Werror=sequence-point -Wformat -Werror=format-security -Wmissing-declarations -Wmissing-prototypes -Wstrict-prototypes -Wundef -Winit-self -Wpointer-arith -Wshadow -Wsign-promo -Wno-narrowing -Wno-delete-non-virtual-dtor -Wno-unnamed-type-template-args -fdiagnostics-show-option -Wno-long-long -Wno-semicolon-before-method-body -fno-omit-frame-pointer -msse -msse2 -msse3 -fvisibility=hidden -fvisibility-inlines-hidden  -O3 -DNDEBUG   -o CMakeFiles/cmTryCompileExec1021889995.dir/CheckIncludeFile.c.o   -c /Users/Melancardie/Dropbox/Documents/code/Java/OwlExpress/lib/opencv-3.0.0-beta/build/CMakeFiles/CMakeTmp/CheckIncludeFile.c
/Users/Melancardie/Dropbox/Documents/code/Java/OwlExpress/lib/opencv-3.0.0-beta/build/CMakeFiles/CMakeTmp/CheckIncludeFile.c:1:10: fatal error: 'libavformat/avformat.h' file not found
#include <libavformat/avformat.h>
         ^
1 error generated.
CMakeFiles/cmTryCompileExec1021889995.dir/build.make:57: recipe for target 'CMakeFiles/cmTryCompileExec1021889995.dir/CheckIncludeFile.c.o' failed
gmake[1]: *** [CMakeFiles/cmTryCompileExec1021889995.dir/CheckIncludeFile.c.o] Error 1
gmake[1]: Leaving directory '/Users/Melancardie/Dropbox/Documents/code/Java/OwlExpress/lib/opencv-3.0.0-beta/build/CMakeFiles/CMakeTmp'
Makefile:118: recipe for target 'cmTryCompileExec1021889995/fast' failed
gmake: *** [cmTryCompileExec1021889995/fast] Error 2


Determining if the include file ffmpeg/avformat.h exists failed with the following output:
Change Dir: /Users/Melancardie/Dropbox/Documents/code/Java/OwlExpress/lib/opencv-3.0.0-beta/build/CMakeFiles/CMakeTmp

Run Build Command:"/opt/local/bin/gmake" "cmTryCompileExec1653351085/fast"
/opt/local/bin/gmake -f CMakeFiles/cmTryCompileExec1653351085.dir/build.make CMakeFiles/cmTryCompileExec1653351085.dir/build
gmake[1]: Entering directory '/Users/Melancardie/Dropbox/Documents/code/Java/OwlExpress/lib/opencv-3.0.0-beta/build/CMakeFiles/CMakeTmp'
/opt/local/bin/cmake -E cmake_progress_report /Users/Melancardie/Dropbox/Documents/code/Java/OwlExpress/lib/opencv-3.0.0-beta/build/CMakeFiles/CMakeTmp/CMakeFiles 1
Building C object CMakeFiles/cmTryCompileExec1653351085.dir/CheckIncludeFile.c.o
/usr/bin/cc   -fPIC   -fsigned-char -W -Werror=return-type -Werror=non-virtual-dtor -Werror=address -Werror=sequence-point -Wformat -Werror=format-security -Wmissing-declarations -Wmissing-prototypes -Wstrict-prototypes -Wundef -Winit-self -Wpointer-arith -Wshadow -Wsign-promo -Wno-narrowing -Wno-delete-non-virtual-dtor -Wno-unnamed-type-template-args -fdiagnostics-show-option -Wno-long-long -Wno-semicolon-before-method-body -fno-omit-frame-pointer -msse -msse2 -msse3 -fvisibility=hidden -fvisibility-inlines-hidden  -O3 -DNDEBUG   -o CMakeFiles/cmTryCompileExec1653351085.dir/CheckIncludeFile.c.o   -c /Users/Melancardie/Dropbox/Documents/code/Java/OwlExpress/lib/opencv-3.0.0-beta/build/CMakeFiles/CMakeTmp/CheckIncludeFile.c
/Users/Melancardie/Dropbox/Documents/code/Java/OwlExpress/lib/opencv-3.0.0-beta/build/CMakeFiles/CMakeTmp/CheckIncludeFile.c:1:10: fatal error: 'ffmpeg/avformat.h' file not found
#include <ffmpeg/avformat.h>
         ^
1 error generated.
CMakeFiles/cmTryCompileExec1653351085.dir/build.make:57: recipe for target 'CMakeFiles/cmTryCompileExec1653351085.dir/CheckIncludeFile.c.o' failed
gmake[1]: *** [CMakeFiles/cmTryCompileExec1653351085.dir/CheckIncludeFile.c.o] Error 1
gmake[1]: Leaving directory '/Users/Melancardie/Dropbox/Documents/code/Java/OwlExpress/lib/opencv-3.0.0-beta/build/CMakeFiles/CMakeTmp'
Makefile:118: recipe for target 'cmTryCompileExec1653351085/fast' failed
gmake: *** [cmTryCompileExec1653351085/fast] Error 2


